\BOOKMARK [0][-]{chapter.1}{\376\377\000P\000r\000o\000b\000a\000b\000i\000l\000i\000t\000y\000\040\000M\000e\000a\000s\000u\000r\000e\000s\000,\000\040\000P\000u\000s\000h\000f\000o\000r\000w\000a\000r\000d\000s\000,\000\040\000a\000n\000d\000\040\000W\000e\000a\000k\000\040\000C\000a\000l\000c\000u\000l\000u\000s}{}% 1
\BOOKMARK [1][-]{section.1.1}{\376\377\000M\000o\000t\000i\000v\000a\000t\000i\000o\000n\000\040\000a\000n\000d\000\040\000S\000c\000o\000p\000e}{chapter.1}% 2
\BOOKMARK [1][-]{section.1.2}{\376\377\000P\000r\000o\000b\000a\000b\000i\000l\000i\000t\000y\000\040\000M\000e\000a\000s\000u\000r\000e\000s\000\040\000o\000n\000\040\000E\000u\000c\000l\000i\000d\000e\000a\000n\000\040\000S\000p\000a\000c\000e\000s}{chapter.1}% 3
\BOOKMARK [2][-]{subsection.1.2.1}{\376\377\000B\000o\000r\000e\000l\000\040\000p\000r\000o\000b\000a\000b\000i\000l\000i\000t\000y\000\040\000m\000e\000a\000s\000u\000r\000e\000s}{section.1.2}% 4
\BOOKMARK [2][-]{subsection.1.2.2}{\376\377\000M\000o\000m\000e\000n\000t\000s}{section.1.2}% 5
\BOOKMARK [1][-]{section.1.3}{\376\377\000R\000a\000n\000d\000o\000m\000\040\000V\000a\000r\000i\000a\000b\000l\000e\000s\000\040\000a\000n\000d\000\040\000P\000u\000s\000h\000f\000o\000r\000w\000a\000r\000d\000\040\000M\000e\000a\000s\000u\000r\000e\000s}{chapter.1}% 6
\BOOKMARK [2][-]{subsection.1.3.1}{\376\377\000P\000u\000s\000h\000f\000o\000r\000w\000a\000r\000d\000s}{section.1.3}% 7
\BOOKMARK [2][-]{subsection.1.3.2}{\376\377\000P\000u\000s\000h\000f\000o\000r\000w\000a\000r\000d\000s\000\040\000i\000n\000\040\000g\000e\000n\000e\000r\000a\000t\000i\000v\000e\000\040\000m\000o\000d\000e\000l\000i\000n\000g}{section.1.3}% 8
\BOOKMARK [2][-]{subsection.1.3.3}{\376\377\000C\000h\000a\000n\000g\000e\000\040\000o\000f\000\040\000v\000a\000r\000i\000a\000b\000l\000e\000s}{section.1.3}% 9
\BOOKMARK [1][-]{section.1.4}{\376\377\000W\000e\000a\000k\000\040\000C\000o\000n\000v\000e\000r\000g\000e\000n\000c\000e\000\040\000o\000f\000\040\000M\000e\000a\000s\000u\000r\000e\000s}{chapter.1}% 10
\BOOKMARK [2][-]{subsection.1.4.1}{\376\377\000T\000i\000g\000h\000t\000n\000e\000s\000s}{section.1.4}% 11
\BOOKMARK [1][-]{section.1.5}{\376\377\000E\000n\000t\000r\000o\000p\000y\000\040\000a\000n\000d\000\040\000K\000u\000l\000l\000b\000a\000c\000k\040\023\000L\000e\000i\000b\000l\000e\000r\000\040\000D\000i\000v\000e\000r\000g\000e\000n\000c\000e}{chapter.1}% 12
\BOOKMARK [2][-]{subsection.1.5.1}{\376\377\000D\000i\000f\000f\000e\000r\000e\000n\000t\000i\000a\000l\000\040\000e\000n\000t\000r\000o\000p\000y}{section.1.5}% 13
\BOOKMARK [2][-]{subsection.1.5.2}{\376\377\000R\000e\000l\000a\000t\000i\000v\000e\000\040\000e\000n\000t\000r\000o\000p\000y}{section.1.5}% 14
\BOOKMARK [2][-]{subsection.1.5.3}{\376\377\000F\000o\000r\000w\000a\000r\000d\000\040\000a\000n\000d\000\040\000r\000e\000v\000e\000r\000s\000e\000\040\000K\000L}{section.1.5}% 15
\BOOKMARK [1][-]{section.1.6}{\376\377\000C\000u\000r\000v\000e\000s\000\040\000o\000f\000\040\000M\000e\000a\000s\000u\000r\000e\000s\000\040\000a\000n\000d\000\040\000C\000o\000n\000t\000i\000n\000u\000i\000t\000y\000\040\000E\000q\000u\000a\000t\000i\000o\000n\000s}{chapter.1}% 16
\BOOKMARK [2][-]{subsection.1.6.1}{\376\377\000T\000i\000m\000e\000-\000d\000e\000p\000e\000n\000d\000e\000n\000t\000\040\000m\000e\000a\000s\000u\000r\000e\000s}{section.1.6}% 17
\BOOKMARK [2][-]{subsection.1.6.2}{\376\377\000C\000o\000n\000t\000i\000n\000u\000i\000t\000y\000\040\000e\000q\000u\000a\000t\000i\000o\000n}{section.1.6}% 18
\BOOKMARK [2][-]{subsection.1.6.3}{\376\377\000W\000e\000a\000k\000\040\000f\000o\000r\000m\000u\000l\000a\000t\000i\000o\000n}{section.1.6}% 19
\BOOKMARK [2][-]{subsection.1.6.4}{\376\377\000P\000a\000r\000t\000i\000c\000l\000e\000\040\000i\000n\000t\000e\000r\000p\000r\000e\000t\000a\000t\000i\000o\000n}{section.1.6}% 20
\BOOKMARK [1][-]{section.1.7}{\376\377\000F\000r\000e\000e\000\040\000E\000n\000e\000r\000g\000i\000e\000s\000\040\000a\000n\000d\000\040\000V\000a\000r\000i\000a\000t\000i\000o\000n\000a\000l\000\040\000P\000e\000r\000s\000p\000e\000c\000t\000i\000v\000e\000s}{chapter.1}% 21
\BOOKMARK [1][-]{section.1.8}{\376\377\000S\000u\000m\000m\000a\000r\000y\000\040\000a\000n\000d\000\040\000O\000u\000t\000l\000o\000o\000k}{chapter.1}% 22
\BOOKMARK [0][-]{chapter.2}{\376\377\000O\000p\000t\000i\000m\000a\000l\000\040\000T\000r\000a\000n\000s\000p\000o\000r\000t\000\040\000a\000n\000d\000\040\000W\000a\000s\000s\000e\000r\000s\000t\000e\000i\000n\000\040\000G\000e\000o\000m\000e\000t\000r\000y}{}% 23
\BOOKMARK [1][-]{section.2.1}{\376\377\000M\000o\000t\000i\000v\000a\000t\000i\000o\000n}{chapter.2}% 24
\BOOKMARK [1][-]{section.2.2}{\376\377\000T\000h\000e\000\040\000M\000o\000n\000g\000e\000\040\000F\000o\000r\000m\000u\000l\000a\000t\000i\000o\000n}{chapter.2}% 25
\BOOKMARK [2][-]{subsection.2.2.1}{\376\377\000M\000a\000s\000s\000\040\000t\000r\000a\000n\000s\000p\000o\000r\000t\000\040\000m\000a\000p\000s}{section.2.2}% 26
\BOOKMARK [2][-]{subsection.2.2.2}{\376\377\000D\000i\000f\000f\000i\000c\000u\000l\000t\000i\000e\000s\000\040\000o\000f\000\040\000t\000h\000e\000\040\000M\000o\000n\000g\000e\000\040\000p\000r\000o\000b\000l\000e\000m}{section.2.2}% 27
\BOOKMARK [1][-]{section.2.3}{\376\377\000T\000h\000e\000\040\000K\000a\000n\000t\000o\000r\000o\000v\000i\000c\000h\000\040\000F\000o\000r\000m\000u\000l\000a\000t\000i\000o\000n}{chapter.2}% 28
\BOOKMARK [2][-]{subsection.2.3.1}{\376\377\000T\000r\000a\000n\000s\000p\000o\000r\000t\000\040\000p\000l\000a\000n\000s}{section.2.3}% 29
\BOOKMARK [2][-]{subsection.2.3.2}{\376\377\000K\000a\000n\000t\000o\000r\000o\000v\000i\000c\000h\000\040\000o\000p\000t\000i\000m\000a\000l\000\040\000t\000r\000a\000n\000s\000p\000o\000r\000t}{section.2.3}% 30
\BOOKMARK [1][-]{section.2.4}{\376\377\000W\000a\000s\000s\000e\000r\000s\000t\000e\000i\000n\000\040\000D\000i\000s\000t\000a\000n\000c\000e\000s}{chapter.2}% 31
\BOOKMARK [2][-]{subsection.2.4.1}{\376\377\000D\000e\000f\000i\000n\000i\000t\000i\000o\000n}{section.2.4}% 32
\BOOKMARK [2][-]{subsection.2.4.2}{\376\377\000M\000e\000t\000r\000i\000c\000\040\000s\000t\000r\000u\000c\000t\000u\000r\000e}{section.2.4}% 33
\BOOKMARK [2][-]{subsection.2.4.3}{\376\377\000C\000o\000m\000p\000a\000r\000i\000s\000o\000n\000\040\000w\000i\000t\000h\000\040\000K\000L\000\040\000d\000i\000v\000e\000r\000g\000e\000n\000c\000e}{section.2.4}% 34
\BOOKMARK [1][-]{section.2.5}{\376\377\000O\000p\000t\000i\000m\000a\000l\000\040\000M\000a\000p\000s\000\040\000a\000n\000d\000\040\000B\000r\000e\000n\000i\000e\000r\000\040\000T\000h\000e\000o\000r\000y}{chapter.2}% 35
\BOOKMARK [2][-]{subsection.2.5.1}{\376\377\000B\000r\000e\000n\000i\000e\000r\000\040\000t\000h\000e\000o\000r\000e\000m}{section.2.5}% 36
\BOOKMARK [2][-]{subsection.2.5.2}{\376\377\000D\000i\000s\000p\000l\000a\000c\000e\000m\000e\000n\000t\000\040\000i\000n\000t\000e\000r\000p\000o\000l\000a\000t\000i\000o\000n}{section.2.5}% 37
\BOOKMARK [1][-]{section.2.6}{\376\377\000D\000y\000n\000a\000m\000i\000c\000\040\000O\000p\000t\000i\000m\000a\000l\000\040\000T\000r\000a\000n\000s\000p\000o\000r\000t}{chapter.2}% 38
\BOOKMARK [2][-]{subsection.2.6.1}{\376\377\000C\000o\000n\000t\000i\000n\000u\000i\000t\000y\000\040\000e\000q\000u\000a\000t\000i\000o\000n\000s}{section.2.6}% 39
\BOOKMARK [2][-]{subsection.2.6.2}{\376\377\000B\000e\000n\000a\000m\000o\000u\040\023\000B\000r\000e\000n\000i\000e\000r\000\040\000f\000o\000r\000m\000u\000l\000a\000t\000i\000o\000n}{section.2.6}% 40
\BOOKMARK [2][-]{subsection.2.6.3}{\376\377\000I\000n\000t\000e\000r\000p\000r\000e\000t\000a\000t\000i\000o\000n}{section.2.6}% 41
\BOOKMARK [1][-]{section.2.7}{\376\377\000W\000a\000s\000s\000e\000r\000s\000t\000e\000i\000n\000\040\000G\000e\000o\000d\000e\000s\000i\000c\000s}{chapter.2}% 42
\BOOKMARK [2][-]{subsection.2.7.1}{\376\377\000G\000e\000o\000d\000e\000s\000i\000c\000\040\000c\000u\000r\000v\000e\000s}{section.2.7}% 43
\BOOKMARK [2][-]{subsection.2.7.2}{\376\377\000W\000a\000s\000s\000e\000r\000s\000t\000e\000i\000n\000\040\000g\000e\000o\000d\000e\000s\000i\000c\000s}{section.2.7}% 44
\BOOKMARK [2][-]{subsection.2.7.3}{\376\377\000V\000e\000l\000o\000c\000i\000t\000y\000\040\000r\000e\000p\000r\000e\000s\000e\000n\000t\000a\000t\000i\000o\000n}{section.2.7}% 45
\BOOKMARK [1][-]{section.2.8}{\376\377\000O\000t\000t\000o\000\040\000C\000a\000l\000c\000u\000l\000u\000s\000\040\000a\000n\000d\000\040\000F\000o\000r\000m\000a\000l\000\040\000R\000i\000e\000m\000a\000n\000n\000i\000a\000n\000\040\000S\000t\000r\000u\000c\000t\000u\000r\000e}{chapter.2}% 46
\BOOKMARK [2][-]{subsection.2.8.1}{\376\377\000T\000a\000n\000g\000e\000n\000t\000\040\000v\000e\000c\000t\000o\000r\000s}{section.2.8}% 47
\BOOKMARK [2][-]{subsection.2.8.2}{\376\377\000F\000o\000r\000m\000a\000l\000\040\000m\000e\000t\000r\000i\000c\000\040\000t\000e\000n\000s\000o\000r}{section.2.8}% 48
\BOOKMARK [1][-]{section.2.9}{\376\377\000C\000o\000n\000v\000e\000x\000i\000t\000y\000\040\000A\000l\000o\000n\000g\000\040\000G\000e\000o\000d\000e\000s\000i\000c\000s}{chapter.2}% 49
\BOOKMARK [1][-]{section.2.10}{\376\377\000W\000a\000s\000s\000e\000r\000s\000t\000e\000i\000n\000\040\000G\000e\000o\000m\000e\000t\000r\000y\000\040\000i\000n\000\040\000M\000a\000c\000h\000i\000n\000e\000\040\000L\000e\000a\000r\000n\000i\000n\000g}{chapter.2}% 50
\BOOKMARK [2][-]{subsection.2.10.1}{\376\377\000G\000e\000n\000e\000r\000a\000t\000i\000v\000e\000\040\000m\000o\000d\000e\000l\000i\000n\000g}{section.2.10}% 51
\BOOKMARK [2][-]{subsection.2.10.2}{\376\377\000D\000i\000f\000f\000u\000s\000i\000o\000n\000\040\000a\000n\000d\000\040\000f\000l\000o\000w\000\040\000m\000o\000d\000e\000l\000s}{section.2.10}% 52
\BOOKMARK [2][-]{subsection.2.10.3}{\376\377\000P\000o\000l\000i\000c\000i\000e\000s\000\040\000a\000s\000\040\000e\000v\000o\000l\000v\000i\000n\000g\000\040\000d\000i\000s\000t\000r\000i\000b\000u\000t\000i\000o\000n\000s}{section.2.10}% 53
\BOOKMARK [1][-]{section.2.11}{\376\377\000S\000u\000m\000m\000a\000r\000y}{chapter.2}% 54
\BOOKMARK [0][-]{chapter.3}{\376\377\000W\000a\000s\000s\000e\000r\000s\000t\000e\000i\000n\000\040\000G\000r\000a\000d\000i\000e\000n\000t\000\040\000F\000l\000o\000w\000s}{}% 55
\BOOKMARK [1][-]{section.3.1}{\376\377\000M\000o\000t\000i\000v\000a\000t\000i\000o\000n}{chapter.3}% 56
\BOOKMARK [1][-]{section.3.2}{\376\377\000G\000r\000a\000d\000i\000e\000n\000t\000\040\000F\000l\000o\000w\000s\000\040\000i\000n\000\040\000E\000u\000c\000l\000i\000d\000e\000a\000n\000\040\000S\000p\000a\000c\000e}{chapter.3}% 57
\BOOKMARK [2][-]{subsection.3.2.1}{\376\377\000G\000r\000a\000d\000i\000e\000n\000t\000\040\000d\000e\000s\000c\000e\000n\000t\000\040\000O\000D\000E}{section.3.2}% 58
\BOOKMARK [2][-]{subsection.3.2.2}{\376\377\000E\000n\000e\000r\000g\000y\000\040\000d\000i\000s\000s\000i\000p\000a\000t\000i\000o\000n}{section.3.2}% 59
\BOOKMARK [2][-]{subsection.3.2.3}{\376\377\000M\000e\000t\000r\000i\000c\000\040\000i\000n\000t\000e\000r\000p\000r\000e\000t\000a\000t\000i\000o\000n}{section.3.2}% 60
\BOOKMARK [1][-]{section.3.3}{\376\377\000F\000u\000n\000c\000t\000i\000o\000n\000a\000l\000s\000\040\000o\000n\000\040\000P\000r\000o\000b\000a\000b\000i\000l\000i\000t\000y\000\040\000S\000p\000a\000c\000e}{chapter.3}% 61
\BOOKMARK [2][-]{subsection.3.3.1}{\376\377\000E\000n\000e\000r\000g\000y\000\040\000f\000u\000n\000c\000t\000i\000o\000n\000a\000l\000s}{section.3.3}% 62
\BOOKMARK [2][-]{subsection.3.3.2}{\376\377\000P\000o\000t\000e\000n\000t\000i\000a\000l\000\040\000e\000n\000e\000r\000g\000y}{section.3.3}% 63
\BOOKMARK [2][-]{subsection.3.3.3}{\376\377\000E\000n\000t\000r\000o\000p\000y}{section.3.3}% 64
\BOOKMARK [2][-]{subsection.3.3.4}{\376\377\000F\000r\000e\000e\000\040\000e\000n\000e\000r\000g\000y}{section.3.3}% 65
\BOOKMARK [1][-]{section.3.4}{\376\377\000F\000i\000r\000s\000t\000\040\000V\000a\000r\000i\000a\000t\000i\000o\000n\000s}{chapter.3}% 66
\BOOKMARK [2][-]{subsection.3.4.1}{\376\377\000F\000u\000n\000c\000t\000i\000o\000n\000a\000l\000\040\000d\000e\000r\000i\000v\000a\000t\000i\000v\000e\000s}{section.3.4}% 67
\BOOKMARK [2][-]{subsection.3.4.2}{\376\377\000E\000x\000a\000m\000p\000l\000e\000s}{section.3.4}% 68
\BOOKMARK [1][-]{section.3.5}{\376\377\000W\000a\000s\000s\000e\000r\000s\000t\000e\000i\000n\000\040\000G\000r\000a\000d\000i\000e\000n\000t\000\040\000F\000l\000o\000w\000s}{chapter.3}% 69
\BOOKMARK [2][-]{subsection.3.5.1}{\376\377\000F\000o\000r\000m\000a\000l\000\040\000d\000e\000f\000i\000n\000i\000t\000i\000o\000n}{section.3.5}% 70
\BOOKMARK [2][-]{subsection.3.5.2}{\376\377\000I\000n\000t\000e\000r\000p\000r\000e\000t\000a\000t\000i\000o\000n}{section.3.5}% 71
\BOOKMARK [1][-]{section.3.6}{\376\377\000T\000h\000e\000\040\000F\000o\000k\000k\000e\000r\040\023\000P\000l\000a\000n\000c\000k\000\040\000E\000q\000u\000a\000t\000i\000o\000n}{chapter.3}% 72
\BOOKMARK [2][-]{subsection.3.6.1}{\376\377\000L\000a\000n\000g\000e\000v\000i\000n\000\040\000d\000y\000n\000a\000m\000i\000c\000s}{section.3.6}% 73
\BOOKMARK [2][-]{subsection.3.6.2}{\376\377\000G\000r\000a\000d\000i\000e\000n\000t\000\040\000f\000l\000o\000w\000\040\000s\000t\000r\000u\000c\000t\000u\000r\000e}{section.3.6}% 74
\BOOKMARK [2][-]{subsection.3.6.3}{\376\377\000D\000e\000r\000i\000v\000a\000t\000i\000o\000n}{section.3.6}% 75
\BOOKMARK [1][-]{section.3.7}{\376\377\000E\000n\000e\000r\000g\000y\000\040\000D\000i\000s\000s\000i\000p\000a\000t\000i\000o\000n}{chapter.3}% 76
\BOOKMARK [1][-]{section.3.8}{\376\377\000T\000h\000e\000\040\000J\000o\000r\000d\000a\000n\040\023\000K\000i\000n\000d\000e\000r\000l\000e\000h\000r\000e\000r\040\023\000O\000t\000t\000o\000\040\000S\000c\000h\000e\000m\000e}{chapter.3}% 77
\BOOKMARK [2][-]{subsection.3.8.1}{\376\377\000I\000m\000p\000l\000i\000c\000i\000t\000\040\000E\000u\000l\000e\000r\000\040\000i\000n\000\040\000W\000a\000s\000s\000e\000r\000s\000t\000e\000i\000n\000\040\000s\000p\000a\000c\000e}{section.3.8}% 78
\BOOKMARK [2][-]{subsection.3.8.2}{\376\377\000I\000n\000t\000e\000r\000p\000r\000e\000t\000a\000t\000i\000o\000n}{section.3.8}% 79
\BOOKMARK [2][-]{subsection.3.8.3}{\376\377\000C\000o\000n\000c\000e\000p\000t\000u\000a\000l\000\040\000i\000m\000p\000o\000r\000t\000a\000n\000c\000e}{section.3.8}% 80
\BOOKMARK [1][-]{section.3.9}{\376\377\000K\000L\000\040\000D\000i\000v\000e\000r\000g\000e\000n\000c\000e\000\040\000a\000s\000\040\000F\000r\000e\000e\000\040\000E\000n\000e\000r\000g\000y}{chapter.3}% 81
\BOOKMARK [1][-]{section.3.10}{\376\377\000C\000o\000n\000n\000e\000c\000t\000i\000o\000n\000s\000\040\000t\000o\000\040\000G\000e\000n\000e\000r\000a\000t\000i\000v\000e\000\040\000M\000o\000d\000e\000l\000i\000n\000g}{chapter.3}% 82
\BOOKMARK [2][-]{subsection.3.10.1}{\376\377\000D\000i\000f\000f\000u\000s\000i\000o\000n\000\040\000m\000o\000d\000e\000l\000s}{section.3.10}% 83
\BOOKMARK [2][-]{subsection.3.10.2}{\376\377\000F\000l\000o\000w\000\040\000m\000o\000d\000e\000l\000s}{section.3.10}% 84
\BOOKMARK [2][-]{subsection.3.10.3}{\376\377\000D\000r\000i\000f\000t\000i\000n\000g\000\040\000m\000o\000d\000e\000l\000s}{section.3.10}% 85
\BOOKMARK [1][-]{section.3.11}{\376\377\000C\000o\000n\000n\000e\000c\000t\000i\000o\000n\000s\000\040\000t\000o\000\040\000R\000e\000i\000n\000f\000o\000r\000c\000e\000m\000e\000n\000t\000\040\000L\000e\000a\000r\000n\000i\000n\000g}{chapter.3}% 86
\BOOKMARK [2][-]{subsection.3.11.1}{\376\377\000E\000n\000t\000r\000o\000p\000y\000-\000r\000e\000g\000u\000l\000a\000r\000i\000z\000e\000d\000\040\000R\000L}{section.3.11}% 87
\BOOKMARK [1][-]{section.3.12}{\376\377\000O\000t\000t\000o\000\040\000C\000a\000l\000c\000u\000l\000u\000s\000\040\000R\000e\000v\000i\000s\000i\000t\000e\000d}{chapter.3}% 88
\BOOKMARK [1][-]{section.3.13}{\376\377\000S\000u\000m\000m\000a\000r\000y}{chapter.3}% 89
\BOOKMARK [0][-]{chapter.4}{\376\377\000E\000n\000t\000r\000o\000p\000y\000,\000\040\000F\000r\000e\000e\000\040\000E\000n\000e\000r\000g\000y\000,\000\040\000G\000i\000b\000b\000s\000\040\000M\000e\000a\000s\000u\000r\000e\000s\000,\000\040\000a\000n\000d\000\040\000V\000a\000r\000i\000a\000t\000i\000o\000n\000a\000l\000\040\000P\000r\000i\000n\000c\000i\000p\000l\000e\000s}{}% 90
\BOOKMARK [1][-]{section.4.1}{\376\377\000M\000o\000t\000i\000v\000a\000t\000i\000o\000n}{chapter.4}% 91
\BOOKMARK [1][-]{section.4.2}{\376\377\000E\000n\000t\000r\000o\000p\000y}{chapter.4}% 92
\BOOKMARK [2][-]{subsection.4.2.1}{\376\377\000D\000i\000f\000f\000e\000r\000e\000n\000t\000i\000a\000l\000\040\000e\000n\000t\000r\000o\000p\000y}{section.4.2}% 93
\BOOKMARK [2][-]{subsection.4.2.2}{\376\377\000R\000e\000l\000a\000t\000i\000v\000e\000\040\000e\000n\000t\000r\000o\000p\000y}{section.4.2}% 94
\BOOKMARK [1][-]{section.4.3}{\376\377\000G\000i\000b\000b\000s\000\040\000M\000e\000a\000s\000u\000r\000e\000s}{chapter.4}% 95
\BOOKMARK [2][-]{subsection.4.3.1}{\376\377\000D\000e\000f\000i\000n\000i\000t\000i\000o\000n}{section.4.3}% 96
\BOOKMARK [2][-]{subsection.4.3.2}{\376\377\000E\000x\000a\000m\000p\000l\000e\000s}{section.4.3}% 97
\BOOKMARK [1][-]{section.4.4}{\376\377\000F\000r\000e\000e\000\040\000E\000n\000e\000r\000g\000y}{chapter.4}% 98
\BOOKMARK [2][-]{subsection.4.4.1}{\376\377\000D\000e\000f\000i\000n\000i\000t\000i\000o\000n}{section.4.4}% 99
\BOOKMARK [2][-]{subsection.4.4.2}{\376\377\000P\000h\000y\000s\000i\000c\000a\000l\000\040\000i\000n\000t\000e\000r\000p\000r\000e\000t\000a\000t\000i\000o\000n}{section.4.4}% 100
\BOOKMARK [1][-]{section.4.5}{\376\377\000T\000h\000e\000\040\000G\000i\000b\000b\000s\000\040\000V\000a\000r\000i\000a\000t\000i\000o\000n\000a\000l\000\040\000P\000r\000i\000n\000c\000i\000p\000l\000e}{chapter.4}% 101
